<?xml version="1.0" encoding="UTF-8"?>
<testsuite name="com.bimurto.springBootTransactionalDemo.SpringBootTransactionalDemoTest" tests="5" skipped="0" failures="0" errors="0" timestamp="2018-08-11T18:10:25" hostname="bimurto-desktop" time="0.262">
  <properties/>
  <testcase name="shouldSave_whenCallNonTransactionalMethod_withInClassTransactionalMethod" classname="com.bimurto.springBootTransactionalDemo.SpringBootTransactionalDemoTest" time="0.236"/>
  <testcase name="shouldNotSave_whenCallTransactionalMethod_withException" classname="com.bimurto.springBootTransactionalDemo.SpringBootTransactionalDemoTest" time="0.008"/>
  <testcase name="contextLoads" classname="com.bimurto.springBootTransactionalDemo.SpringBootTransactionalDemoTest" time="0.003"/>
  <testcase name="shouldSave_whenCallNonTransactionalMethod_withInClassTransactionalMethod_withoutInterface" classname="com.bimurto.springBootTransactionalDemo.SpringBootTransactionalDemoTest" time="0.009"/>
  <testcase name="shouldNotSave_whenCallTransactionalMethod_withException_withoutInterface" classname="com.bimurto.springBootTransactionalDemo.SpringBootTransactionalDemoTest" time="0.005"/>
  <system-out><![CDATA[00:10:21,262 |-INFO in ch.qos.logback.classic.LoggerContext[default] - Could NOT find resource [logback.groovy]
00:10:21,262 |-INFO in ch.qos.logback.classic.LoggerContext[default] - Could NOT find resource [logback-test.xml]
00:10:21,262 |-INFO in ch.qos.logback.classic.LoggerContext[default] - Found resource [logback.xml] at [file:/mnt/Work/Projects/Java/IntellIJ/SpringBootTransactionalDemo/build/resources/test/logback.xml]
00:10:21,263 |-WARN in ch.qos.logback.classic.LoggerContext[default] - Resource [logback.xml] occurs multiple times on the classpath.
00:10:21,263 |-WARN in ch.qos.logback.classic.LoggerContext[default] - Resource [logback.xml] occurs at [file:/mnt/Work/Projects/Java/IntellIJ/SpringBootTransactionalDemo/build/resources/main/logback.xml]
00:10:21,263 |-WARN in ch.qos.logback.classic.LoggerContext[default] - Resource [logback.xml] occurs at [file:/mnt/Work/Projects/Java/IntellIJ/SpringBootTransactionalDemo/build/resources/test/logback.xml]
00:10:21,323 |-INFO in ch.qos.logback.classic.joran.action.ConfigurationAction - debug attribute not set
00:10:21,338 |-INFO in ch.qos.logback.classic.joran.action.ConfigurationAction - Will scan for changes in [file:/mnt/Work/Projects/Java/IntellIJ/SpringBootTransactionalDemo/build/resources/test/logback.xml] 
00:10:21,338 |-INFO in ch.qos.logback.classic.joran.action.ConfigurationAction - Setting ReconfigureOnChangeTask scanning period to 30 seconds
00:10:21,340 |-INFO in ch.qos.logback.core.joran.action.AppenderAction - About to instantiate appender of type [ch.qos.logback.core.ConsoleAppender]
00:10:21,343 |-INFO in ch.qos.logback.core.joran.action.AppenderAction - Naming appender as [Console]
00:10:21,393 |-WARN in ch.qos.logback.core.ConsoleAppender[Console] - This appender no longer admits a layout as a sub-component, set an encoder instead.
00:10:21,393 |-WARN in ch.qos.logback.core.ConsoleAppender[Console] - To ensure compatibility, wrapping your layout in LayoutWrappingEncoder.
00:10:21,393 |-WARN in ch.qos.logback.core.ConsoleAppender[Console] - See also http://logback.qos.ch/codes.html#layoutInsteadOfEncoder for details
00:10:21,395 |-INFO in ch.qos.logback.core.joran.action.AppenderAction - About to instantiate appender of type [ch.qos.logback.core.rolling.RollingFileAppender]
00:10:21,397 |-INFO in ch.qos.logback.core.joran.action.AppenderAction - Naming appender as [File]
00:10:21,409 |-INFO in c.q.l.core.rolling.TimeBasedRollingPolicy@57433873 - No compression will be used
00:10:21,410 |-INFO in c.q.l.core.rolling.TimeBasedRollingPolicy@57433873 - Will use the pattern ./logs/archived/%d{yyyy-MM-dd}/sampleSpringBoot-%d{yyyy-MM-dd}.%i.log for the active file
00:10:21,412 |-INFO in ch.qos.logback.core.rolling.SizeAndTimeBasedFNATP@3d5d24fa - The date pattern is 'yyyy-MM-dd' from file name pattern './logs/archived/%d{yyyy-MM-dd}/sampleSpringBoot-%d{yyyy-MM-dd}.%i.log'.
00:10:21,412 |-INFO in ch.qos.logback.core.rolling.SizeAndTimeBasedFNATP@3d5d24fa - Roll-over at midnight.
00:10:21,415 |-INFO in ch.qos.logback.core.rolling.SizeAndTimeBasedFNATP@3d5d24fa - Setting initial period to Sun Aug 12 00:09:26 BDT 2018
00:10:21,415 |-WARN in ch.qos.logback.core.rolling.SizeAndTimeBasedFNATP@3d5d24fa - SizeAndTimeBasedFNATP is deprecated. Use SizeAndTimeBasedRollingPolicy instead
00:10:21,415 |-WARN in ch.qos.logback.core.rolling.SizeAndTimeBasedFNATP@3d5d24fa - For more information see http://logback.qos.ch/manual/appenders.html#SizeAndTimeBasedRollingPolicy
00:10:21,418 |-INFO in ch.qos.logback.core.rolling.RollingFileAppender[File] - Active log file name: ./logs/sampleSpringBoot.log
00:10:21,418 |-INFO in ch.qos.logback.core.rolling.RollingFileAppender[File] - File property is set to [./logs/sampleSpringBoot.log]
00:10:21,419 |-INFO in ch.qos.logback.classic.joran.action.LoggerAction - Setting level of logger [com.bimurto.springBootTransactionalDemo] to DEBUG
00:10:21,419 |-INFO in ch.qos.logback.classic.joran.action.LoggerAction - Setting level of logger [com.zaxxer.hikari] to DEBUG
00:10:21,419 |-INFO in ch.qos.logback.classic.joran.action.RootLoggerAction - Setting level of ROOT logger to INFO
00:10:21,419 |-INFO in ch.qos.logback.core.joran.action.AppenderRefAction - Attaching appender named [File] to Logger[ROOT]
00:10:21,420 |-INFO in ch.qos.logback.core.joran.action.AppenderRefAction - Attaching appender named [Console] to Logger[ROOT]
00:10:21,420 |-INFO in ch.qos.logback.classic.joran.action.ConfigurationAction - End of configuration.
00:10:21,421 |-INFO in ch.qos.logback.classic.joran.JoranConfigurator@9258135 - Registering current configuration as safe fallback point

2018-08-12 00:10:21,493 ?[36m[Test worker]?[0;39m ?[32mINFO ?[0;39m  ?[35mo.s.b.t.c.SpringBootTestContextBootstrapper?[0;39m - Neither @ContextConfiguration nor @ContextHierarchy found for test class [com.bimurto.springBootTransactionalDemo.SpringBootTransactionalDemoTest], using SpringBootContextLoader
2018-08-12 00:10:21,500 ?[36m[Test worker]?[0;39m ?[32mINFO ?[0;39m  ?[35mo.s.t.c.support.AbstractContextLoader?[0;39m - Could not detect default resource locations for test class [com.bimurto.springBootTransactionalDemo.SpringBootTransactionalDemoTest]: no resource found for suffixes {-context.xml, Context.groovy}.
2018-08-12 00:10:21,501 ?[36m[Test worker]?[0;39m ?[32mINFO ?[0;39m  ?[35mo.s.t.c.s.AnnotationConfigContextLoaderUtils?[0;39m - Could not detect default configuration classes for test class [com.bimurto.springBootTransactionalDemo.SpringBootTransactionalDemoTest]: SpringBootTransactionalDemoTest does not declare any static, non-private, non-final, nested classes annotated with @Configuration.
2018-08-12 00:10:21,598 ?[36m[Test worker]?[0;39m ?[32mINFO ?[0;39m  ?[35mo.s.b.t.c.SpringBootTestContextBootstrapper?[0;39m - Found @SpringBootConfiguration com.bimurto.springBootTransactionalDemo.SpingTransactionalDemoApplication for test class com.bimurto.springBootTransactionalDemo.SpringBootTransactionalDemoTest
2018-08-12 00:10:21,605 ?[36m[Test worker]?[0;39m ?[32mINFO ?[0;39m  ?[35mo.s.b.t.c.SpringBootTestContextBootstrapper?[0;39m - Loaded default TestExecutionListener class names from location [META-INF/spring.factories]: [org.springframework.boot.test.autoconfigure.restdocs.RestDocsTestExecutionListener, org.springframework.boot.test.autoconfigure.web.client.MockRestServiceServerResetTestExecutionListener, org.springframework.boot.test.autoconfigure.web.servlet.MockMvcPrintOnlyOnFailureTestExecutionListener, org.springframework.boot.test.autoconfigure.web.servlet.WebDriverTestExecutionListener, org.springframework.boot.test.mock.mockito.MockitoTestExecutionListener, org.springframework.boot.test.mock.mockito.ResetMocksTestExecutionListener, org.springframework.test.context.web.ServletTestExecutionListener, org.springframework.test.context.support.DirtiesContextBeforeModesTestExecutionListener, org.springframework.test.context.support.DependencyInjectionTestExecutionListener, org.springframework.test.context.support.DirtiesContextTestExecutionListener, org.springframework.test.context.transaction.TransactionalTestExecutionListener, org.springframework.test.context.jdbc.SqlScriptsTestExecutionListener]
2018-08-12 00:10:21,630 ?[36m[Test worker]?[0;39m ?[32mINFO ?[0;39m  ?[35mo.s.b.t.c.SpringBootTestContextBootstrapper?[0;39m - Using TestExecutionListeners: [org.springframework.test.context.web.ServletTestExecutionListener@4e20e159, org.springframework.test.context.support.DirtiesContextBeforeModesTestExecutionListener@3f747695, org.springframework.boot.test.mock.mockito.MockitoTestExecutionListener@6bc6a25f, org.springframework.boot.test.autoconfigure.SpringBootDependencyInjectionTestExecutionListener@f4d6b1d, org.springframework.test.context.support.DirtiesContextTestExecutionListener@46ae6984, org.springframework.test.context.transaction.TransactionalTestExecutionListener@5a726f1a, org.springframework.test.context.jdbc.SqlScriptsTestExecutionListener@4f8fa51, org.springframework.boot.test.autoconfigure.restdocs.RestDocsTestExecutionListener@60897c50, org.springframework.boot.test.autoconfigure.web.client.MockRestServiceServerResetTestExecutionListener@55decb8c, org.springframework.boot.test.autoconfigure.web.servlet.MockMvcPrintOnlyOnFailureTestExecutionListener@1c9d7492, org.springframework.boot.test.autoconfigure.web.servlet.WebDriverTestExecutionListener@5ff42f22, org.springframework.boot.test.mock.mockito.ResetMocksTestExecutionListener@7434b370]

  .   ____          _            __ _ _
 /\\ / ___'_ __ _ _(_)_ __  __ _ \ \ \ \
( ( )\___ | '_ | '_| | '_ \/ _` | \ \ \ \
 \\/  ___)| |_)| | | | | || (_| |  ) ) ) )
  '  |____| .__|_| |_|_| |_\__, | / / / /
 =========|_|==============|___/=/_/_/_/
 :: Spring Boot ::       (v1.5.15.RELEASE)

2018-08-12 00:10:21,905 ?[36m[Test worker]?[0;39m ?[32mINFO ?[0;39m  ?[35mc.b.s.SpringBootTransactionalDemoTest?[0;39m - Starting SpringBootTransactionalDemoTest on bimurto-desktop with PID 25533 (started by bimurto in /mnt/Work/Projects/Java/IntellIJ/SpringBootTransactionalDemo)
2018-08-12 00:10:21,906 ?[36m[Test worker]?[0;39m ?[32mDEBUG?[0;39m  ?[35mc.b.s.SpringBootTransactionalDemoTest?[0;39m - Running with Spring Boot v1.5.15.RELEASE, Spring v4.3.18.RELEASE
2018-08-12 00:10:21,906 ?[36m[Test worker]?[0;39m ?[32mINFO ?[0;39m  ?[35mc.b.s.SpringBootTransactionalDemoTest?[0;39m - No active profile set, falling back to default profiles: default
2018-08-12 00:10:21,946 ?[36m[Test worker]?[0;39m ?[32mINFO ?[0;39m  ?[35mo.s.w.c.s.GenericWebApplicationContext?[0;39m - Refreshing org.springframework.web.context.support.GenericWebApplicationContext@3cdd3bb: startup date [Sun Aug 12 00:10:21 BDT 2018]; root of context hierarchy
2018-08-12 00:10:22,226 ?[36m[background-preinit]?[0;39m ?[32mINFO ?[0;39m  ?[35mo.h.validator.internal.util.Version?[0;39m - HV000001: Hibernate Validator 5.3.6.Final
2018-08-12 00:10:23,047 ?[36m[Test worker]?[0;39m ?[32mINFO ?[0;39m  ?[35mo.s.c.s.PostProcessorRegistrationDelegate$BeanPostProcessorChecker?[0;39m - Bean 'org.springframework.transaction.annotation.ProxyTransactionManagementConfiguration' of type [org.springframework.transaction.annotation.ProxyTransactionManagementConfiguration$$EnhancerBySpringCGLIB$$2bfee9c3] is not eligible for getting processed by all BeanPostProcessors (for example: not eligible for auto-proxying)
2018-08-12 00:10:23,203 ?[36m[Test worker]?[0;39m ?[32mDEBUG?[0;39m  ?[35mcom.zaxxer.hikari.HikariConfig?[0;39m - Driver class org.h2.Driver found in Thread context class loader sun.misc.Launcher$AppClassLoader@73d16e93
2018-08-12 00:10:23,390 ?[36m[Test worker]?[0;39m ?[32mDEBUG?[0;39m  ?[35mcom.zaxxer.hikari.HikariConfig?[0;39m - HikariPool-1 - configuration:
2018-08-12 00:10:23,393 ?[36m[Test worker]?[0;39m ?[32mDEBUG?[0;39m  ?[35mcom.zaxxer.hikari.HikariConfig?[0;39m - allowPoolSuspension.............false
2018-08-12 00:10:23,393 ?[36m[Test worker]?[0;39m ?[32mDEBUG?[0;39m  ?[35mcom.zaxxer.hikari.HikariConfig?[0;39m - autoCommit......................true
2018-08-12 00:10:23,393 ?[36m[Test worker]?[0;39m ?[32mDEBUG?[0;39m  ?[35mcom.zaxxer.hikari.HikariConfig?[0;39m - catalog.........................none
2018-08-12 00:10:23,394 ?[36m[Test worker]?[0;39m ?[32mDEBUG?[0;39m  ?[35mcom.zaxxer.hikari.HikariConfig?[0;39m - connectionInitSql...............none
2018-08-12 00:10:23,394 ?[36m[Test worker]?[0;39m ?[32mDEBUG?[0;39m  ?[35mcom.zaxxer.hikari.HikariConfig?[0;39m - connectionTestQuery.............none
2018-08-12 00:10:23,394 ?[36m[Test worker]?[0;39m ?[32mDEBUG?[0;39m  ?[35mcom.zaxxer.hikari.HikariConfig?[0;39m - connectionTimeout...............30000
2018-08-12 00:10:23,394 ?[36m[Test worker]?[0;39m ?[32mDEBUG?[0;39m  ?[35mcom.zaxxer.hikari.HikariConfig?[0;39m - dataSource......................none
2018-08-12 00:10:23,395 ?[36m[Test worker]?[0;39m ?[32mDEBUG?[0;39m  ?[35mcom.zaxxer.hikari.HikariConfig?[0;39m - dataSourceClassName.............none
2018-08-12 00:10:23,395 ?[36m[Test worker]?[0;39m ?[32mDEBUG?[0;39m  ?[35mcom.zaxxer.hikari.HikariConfig?[0;39m - dataSourceJNDI..................none
2018-08-12 00:10:23,396 ?[36m[Test worker]?[0;39m ?[32mDEBUG?[0;39m  ?[35mcom.zaxxer.hikari.HikariConfig?[0;39m - dataSourceProperties............{password=<masked>}
2018-08-12 00:10:23,397 ?[36m[Test worker]?[0;39m ?[32mDEBUG?[0;39m  ?[35mcom.zaxxer.hikari.HikariConfig?[0;39m - driverClassName................."org.h2.Driver"
2018-08-12 00:10:23,397 ?[36m[Test worker]?[0;39m ?[32mDEBUG?[0;39m  ?[35mcom.zaxxer.hikari.HikariConfig?[0;39m - healthCheckProperties...........{}
2018-08-12 00:10:23,397 ?[36m[Test worker]?[0;39m ?[32mDEBUG?[0;39m  ?[35mcom.zaxxer.hikari.HikariConfig?[0;39m - healthCheckRegistry.............none
2018-08-12 00:10:23,397 ?[36m[Test worker]?[0;39m ?[32mDEBUG?[0;39m  ?[35mcom.zaxxer.hikari.HikariConfig?[0;39m - idleTimeout.....................600000
2018-08-12 00:10:23,398 ?[36m[Test worker]?[0;39m ?[32mDEBUG?[0;39m  ?[35mcom.zaxxer.hikari.HikariConfig?[0;39m - initializationFailTimeout.......1
2018-08-12 00:10:23,398 ?[36m[Test worker]?[0;39m ?[32mDEBUG?[0;39m  ?[35mcom.zaxxer.hikari.HikariConfig?[0;39m - isolateInternalQueries..........false
2018-08-12 00:10:23,398 ?[36m[Test worker]?[0;39m ?[32mDEBUG?[0;39m  ?[35mcom.zaxxer.hikari.HikariConfig?[0;39m - jdbcUrl.........................jdbc:h2:mem:testdb;DB_CLOSE_DELAY=-1;DB_CLOSE_ON_EXIT=FALSE
2018-08-12 00:10:23,399 ?[36m[Test worker]?[0;39m ?[32mDEBUG?[0;39m  ?[35mcom.zaxxer.hikari.HikariConfig?[0;39m - leakDetectionThreshold..........0
2018-08-12 00:10:23,399 ?[36m[Test worker]?[0;39m ?[32mDEBUG?[0;39m  ?[35mcom.zaxxer.hikari.HikariConfig?[0;39m - maxLifetime.....................1800000
2018-08-12 00:10:23,399 ?[36m[Test worker]?[0;39m ?[32mDEBUG?[0;39m  ?[35mcom.zaxxer.hikari.HikariConfig?[0;39m - maximumPoolSize.................10
2018-08-12 00:10:23,399 ?[36m[Test worker]?[0;39m ?[32mDEBUG?[0;39m  ?[35mcom.zaxxer.hikari.HikariConfig?[0;39m - metricRegistry..................none
2018-08-12 00:10:23,400 ?[36m[Test worker]?[0;39m ?[32mDEBUG?[0;39m  ?[35mcom.zaxxer.hikari.HikariConfig?[0;39m - metricsTrackerFactory...........none
2018-08-12 00:10:23,400 ?[36m[Test worker]?[0;39m ?[32mDEBUG?[0;39m  ?[35mcom.zaxxer.hikari.HikariConfig?[0;39m - minimumIdle.....................10
2018-08-12 00:10:23,400 ?[36m[Test worker]?[0;39m ?[32mDEBUG?[0;39m  ?[35mcom.zaxxer.hikari.HikariConfig?[0;39m - password........................<masked>
2018-08-12 00:10:23,400 ?[36m[Test worker]?[0;39m ?[32mDEBUG?[0;39m  ?[35mcom.zaxxer.hikari.HikariConfig?[0;39m - poolName........................"HikariPool-1"
2018-08-12 00:10:23,401 ?[36m[Test worker]?[0;39m ?[32mDEBUG?[0;39m  ?[35mcom.zaxxer.hikari.HikariConfig?[0;39m - readOnly........................false
2018-08-12 00:10:23,401 ?[36m[Test worker]?[0;39m ?[32mDEBUG?[0;39m  ?[35mcom.zaxxer.hikari.HikariConfig?[0;39m - registerMbeans..................false
2018-08-12 00:10:23,401 ?[36m[Test worker]?[0;39m ?[32mDEBUG?[0;39m  ?[35mcom.zaxxer.hikari.HikariConfig?[0;39m - scheduledExecutor...............none
2018-08-12 00:10:23,401 ?[36m[Test worker]?[0;39m ?[32mDEBUG?[0;39m  ?[35mcom.zaxxer.hikari.HikariConfig?[0;39m - schema..........................none
2018-08-12 00:10:23,401 ?[36m[Test worker]?[0;39m ?[32mDEBUG?[0;39m  ?[35mcom.zaxxer.hikari.HikariConfig?[0;39m - threadFactory...................internal
2018-08-12 00:10:23,402 ?[36m[Test worker]?[0;39m ?[32mDEBUG?[0;39m  ?[35mcom.zaxxer.hikari.HikariConfig?[0;39m - transactionIsolation............default
2018-08-12 00:10:23,402 ?[36m[Test worker]?[0;39m ?[32mDEBUG?[0;39m  ?[35mcom.zaxxer.hikari.HikariConfig?[0;39m - username........................"sa"
2018-08-12 00:10:23,402 ?[36m[Test worker]?[0;39m ?[32mDEBUG?[0;39m  ?[35mcom.zaxxer.hikari.HikariConfig?[0;39m - validationTimeout...............5000
2018-08-12 00:10:23,402 ?[36m[Test worker]?[0;39m ?[32mINFO ?[0;39m  ?[35mcom.zaxxer.hikari.HikariDataSource?[0;39m - HikariPool-1 - Starting...
2018-08-12 00:10:23,544 ?[36m[Test worker]?[0;39m ?[32mDEBUG?[0;39m  ?[35mcom.zaxxer.hikari.pool.HikariPool?[0;39m - HikariPool-1 - Added connection conn0: url=jdbc:h2:mem:testdb user=SA
2018-08-12 00:10:23,547 ?[36m[Test worker]?[0;39m ?[32mINFO ?[0;39m  ?[35mcom.zaxxer.hikari.HikariDataSource?[0;39m - HikariPool-1 - Start completed.
2018-08-12 00:10:23,601 ?[36m[Test worker]?[0;39m ?[32mINFO ?[0;39m  ?[35mo.s.o.j.LocalContainerEntityManagerFactoryBean?[0;39m - Building JPA container EntityManagerFactory for persistence unit 'default'
2018-08-12 00:10:23,617 ?[36m[Test worker]?[0;39m ?[32mINFO ?[0;39m  ?[35mo.hibernate.jpa.internal.util.LogHelper?[0;39m - HHH000204: Processing PersistenceUnitInfo [
	name: default
	...]
2018-08-12 00:10:23,647 ?[36m[HikariPool-1 housekeeper]?[0;39m ?[32mDEBUG?[0;39m  ?[35mcom.zaxxer.hikari.pool.HikariPool?[0;39m - HikariPool-1 - Pool stats (total=1, active=0, idle=1, waiting=0)
2018-08-12 00:10:23,650 ?[36m[HikariPool-1 connection adder]?[0;39m ?[32mDEBUG?[0;39m  ?[35mcom.zaxxer.hikari.pool.HikariPool?[0;39m - HikariPool-1 - Added connection conn1: url=jdbc:h2:mem:testdb user=SA
2018-08-12 00:10:23,652 ?[36m[HikariPool-1 connection adder]?[0;39m ?[32mDEBUG?[0;39m  ?[35mcom.zaxxer.hikari.pool.HikariPool?[0;39m - HikariPool-1 - Added connection conn2: url=jdbc:h2:mem:testdb user=SA
2018-08-12 00:10:23,653 ?[36m[HikariPool-1 connection adder]?[0;39m ?[32mDEBUG?[0;39m  ?[35mcom.zaxxer.hikari.pool.HikariPool?[0;39m - HikariPool-1 - Added connection conn3: url=jdbc:h2:mem:testdb user=SA
2018-08-12 00:10:23,655 ?[36m[HikariPool-1 connection adder]?[0;39m ?[32mDEBUG?[0;39m  ?[35mcom.zaxxer.hikari.pool.HikariPool?[0;39m - HikariPool-1 - Added connection conn4: url=jdbc:h2:mem:testdb user=SA
2018-08-12 00:10:23,657 ?[36m[HikariPool-1 connection adder]?[0;39m ?[32mDEBUG?[0;39m  ?[35mcom.zaxxer.hikari.pool.HikariPool?[0;39m - HikariPool-1 - Added connection conn5: url=jdbc:h2:mem:testdb user=SA
2018-08-12 00:10:23,658 ?[36m[HikariPool-1 connection adder]?[0;39m ?[32mDEBUG?[0;39m  ?[35mcom.zaxxer.hikari.pool.HikariPool?[0;39m - HikariPool-1 - Added connection conn6: url=jdbc:h2:mem:testdb user=SA
2018-08-12 00:10:23,659 ?[36m[HikariPool-1 connection adder]?[0;39m ?[32mDEBUG?[0;39m  ?[35mcom.zaxxer.hikari.pool.HikariPool?[0;39m - HikariPool-1 - Added connection conn7: url=jdbc:h2:mem:testdb user=SA
2018-08-12 00:10:23,659 ?[36m[HikariPool-1 connection adder]?[0;39m ?[32mDEBUG?[0;39m  ?[35mcom.zaxxer.hikari.pool.HikariPool?[0;39m - HikariPool-1 - Added connection conn8: url=jdbc:h2:mem:testdb user=SA
2018-08-12 00:10:23,660 ?[36m[HikariPool-1 connection adder]?[0;39m ?[32mDEBUG?[0;39m  ?[35mcom.zaxxer.hikari.pool.HikariPool?[0;39m - HikariPool-1 - Added connection conn9: url=jdbc:h2:mem:testdb user=SA
2018-08-12 00:10:23,660 ?[36m[HikariPool-1 connection adder]?[0;39m ?[32mDEBUG?[0;39m  ?[35mcom.zaxxer.hikari.pool.HikariPool?[0;39m - HikariPool-1 - After adding stats (total=10, active=0, idle=10, waiting=0)
2018-08-12 00:10:23,696 ?[36m[Test worker]?[0;39m ?[32mINFO ?[0;39m  ?[35morg.hibernate.Version?[0;39m - HHH000412: Hibernate Core {5.0.12.Final}
2018-08-12 00:10:23,698 ?[36m[Test worker]?[0;39m ?[32mINFO ?[0;39m  ?[35morg.hibernate.cfg.Environment?[0;39m - HHH000206: hibernate.properties not found
2018-08-12 00:10:23,699 ?[36m[Test worker]?[0;39m ?[32mINFO ?[0;39m  ?[35morg.hibernate.cfg.Environment?[0;39m - HHH000021: Bytecode provider name : javassist
2018-08-12 00:10:23,761 ?[36m[Test worker]?[0;39m ?[32mINFO ?[0;39m  ?[35morg.hibernate.annotations.common.Version?[0;39m - HCANN000001: Hibernate Commons Annotations {5.0.1.Final}
2018-08-12 00:10:23,947 ?[36m[Test worker]?[0;39m ?[32mINFO ?[0;39m  ?[35morg.hibernate.dialect.Dialect?[0;39m - HHH000400: Using dialect: org.hibernate.dialect.H2Dialect
2018-08-12 00:10:24,397 ?[36m[Test worker]?[0;39m ?[32mINFO ?[0;39m  ?[35morg.hibernate.tool.hbm2ddl.SchemaExport?[0;39m - HHH000227: Running hbm2ddl schema export
2018-08-12 00:10:24,415 ?[36m[Test worker]?[0;39m ?[32mINFO ?[0;39m  ?[35morg.hibernate.tool.hbm2ddl.SchemaExport?[0;39m - HHH000230: Schema export complete
2018-08-12 00:10:24,450 ?[36m[Test worker]?[0;39m ?[32mINFO ?[0;39m  ?[35mo.s.o.j.LocalContainerEntityManagerFactoryBean?[0;39m - Initialized JPA EntityManagerFactory for persistence unit 'default'
2018-08-12 00:10:25,236 ?[36m[Test worker]?[0;39m ?[32mINFO ?[0;39m  ?[35mo.s.w.s.m.m.a.RequestMappingHandlerAdapter?[0;39m - Looking for @ControllerAdvice: org.springframework.web.context.support.GenericWebApplicationContext@3cdd3bb: startup date [Sun Aug 12 00:10:21 BDT 2018]; root of context hierarchy
2018-08-12 00:10:25,310 ?[36m[Test worker]?[0;39m ?[32mINFO ?[0;39m  ?[35mo.s.w.s.m.m.a.RequestMappingHandlerMapping?[0;39m - Mapped "{[/error],produces=[text/html]}" onto public org.springframework.web.servlet.ModelAndView org.springframework.boot.autoconfigure.web.BasicErrorController.errorHtml(javax.servlet.http.HttpServletRequest,javax.servlet.http.HttpServletResponse)
2018-08-12 00:10:25,311 ?[36m[Test worker]?[0;39m ?[32mINFO ?[0;39m  ?[35mo.s.w.s.m.m.a.RequestMappingHandlerMapping?[0;39m - Mapped "{[/error]}" onto public org.springframework.http.ResponseEntity<java.util.Map<java.lang.String, java.lang.Object>> org.springframework.boot.autoconfigure.web.BasicErrorController.error(javax.servlet.http.HttpServletRequest)
2018-08-12 00:10:25,343 ?[36m[Test worker]?[0;39m ?[32mINFO ?[0;39m  ?[35mo.s.w.s.handler.SimpleUrlHandlerMapping?[0;39m - Mapped URL path [/webjars/**] onto handler of type [class org.springframework.web.servlet.resource.ResourceHttpRequestHandler]
2018-08-12 00:10:25,344 ?[36m[Test worker]?[0;39m ?[32mINFO ?[0;39m  ?[35mo.s.w.s.handler.SimpleUrlHandlerMapping?[0;39m - Mapped URL path [/**] onto handler of type [class org.springframework.web.servlet.resource.ResourceHttpRequestHandler]
2018-08-12 00:10:25,383 ?[36m[Test worker]?[0;39m ?[32mINFO ?[0;39m  ?[35mo.s.w.s.handler.SimpleUrlHandlerMapping?[0;39m - Mapped URL path [/**/favicon.ico] onto handler of type [class org.springframework.web.servlet.resource.ResourceHttpRequestHandler]
2018-08-12 00:10:25,714 ?[36m[Test worker]?[0;39m ?[32mINFO ?[0;39m  ?[35mo.s.b.a.e.mvc.EndpointHandlerMapping?[0;39m - Mapped "{[/info || /info.json],methods=[GET],produces=[application/vnd.spring-boot.actuator.v1+json || application/json]}" onto public java.lang.Object org.springframework.boot.actuate.endpoint.mvc.EndpointMvcAdapter.invoke()
2018-08-12 00:10:25,715 ?[36m[Test worker]?[0;39m ?[32mINFO ?[0;39m  ?[35mo.s.b.a.e.mvc.EndpointHandlerMapping?[0;39m - Mapped "{[/configprops || /configprops.json],methods=[GET],produces=[application/vnd.spring-boot.actuator.v1+json || application/json]}" onto public java.lang.Object org.springframework.boot.actuate.endpoint.mvc.EndpointMvcAdapter.invoke()
2018-08-12 00:10:25,716 ?[36m[Test worker]?[0;39m ?[32mINFO ?[0;39m  ?[35mo.s.b.a.e.mvc.EndpointHandlerMapping?[0;39m - Mapped "{[/dump || /dump.json],methods=[GET],produces=[application/vnd.spring-boot.actuator.v1+json || application/json]}" onto public java.lang.Object org.springframework.boot.actuate.endpoint.mvc.EndpointMvcAdapter.invoke()
2018-08-12 00:10:25,717 ?[36m[Test worker]?[0;39m ?[32mINFO ?[0;39m  ?[35mo.s.b.a.e.mvc.EndpointHandlerMapping?[0;39m - Mapped "{[/trace || /trace.json],methods=[GET],produces=[application/vnd.spring-boot.actuator.v1+json || application/json]}" onto public java.lang.Object org.springframework.boot.actuate.endpoint.mvc.EndpointMvcAdapter.invoke()
2018-08-12 00:10:25,718 ?[36m[Test worker]?[0;39m ?[32mINFO ?[0;39m  ?[35mo.s.b.a.e.mvc.EndpointHandlerMapping?[0;39m - Mapped "{[/health || /health.json],methods=[GET],produces=[application/vnd.spring-boot.actuator.v1+json || application/json]}" onto public java.lang.Object org.springframework.boot.actuate.endpoint.mvc.HealthMvcEndpoint.invoke(javax.servlet.http.HttpServletRequest,java.security.Principal)
2018-08-12 00:10:25,720 ?[36m[Test worker]?[0;39m ?[32mINFO ?[0;39m  ?[35mo.s.b.a.e.mvc.EndpointHandlerMapping?[0;39m - Mapped "{[/loggers/{name:.*}],methods=[GET],produces=[application/vnd.spring-boot.actuator.v1+json || application/json]}" onto public java.lang.Object org.springframework.boot.actuate.endpoint.mvc.LoggersMvcEndpoint.get(java.lang.String)
2018-08-12 00:10:25,721 ?[36m[Test worker]?[0;39m ?[32mINFO ?[0;39m  ?[35mo.s.b.a.e.mvc.EndpointHandlerMapping?[0;39m - Mapped "{[/loggers/{name:.*}],methods=[POST],consumes=[application/vnd.spring-boot.actuator.v1+json || application/json],produces=[application/vnd.spring-boot.actuator.v1+json || application/json]}" onto public java.lang.Object org.springframework.boot.actuate.endpoint.mvc.LoggersMvcEndpoint.set(java.lang.String,java.util.Map<java.lang.String, java.lang.String>)
2018-08-12 00:10:25,721 ?[36m[Test worker]?[0;39m ?[32mINFO ?[0;39m  ?[35mo.s.b.a.e.mvc.EndpointHandlerMapping?[0;39m - Mapped "{[/loggers || /loggers.json],methods=[GET],produces=[application/vnd.spring-boot.actuator.v1+json || application/json]}" onto public java.lang.Object org.springframework.boot.actuate.endpoint.mvc.EndpointMvcAdapter.invoke()
2018-08-12 00:10:25,723 ?[36m[Test worker]?[0;39m ?[32mINFO ?[0;39m  ?[35mo.s.b.a.e.mvc.EndpointHandlerMapping?[0;39m - Mapped "{[/mappings || /mappings.json],methods=[GET],produces=[application/vnd.spring-boot.actuator.v1+json || application/json]}" onto public java.lang.Object org.springframework.boot.actuate.endpoint.mvc.EndpointMvcAdapter.invoke()
2018-08-12 00:10:25,724 ?[36m[Test worker]?[0;39m ?[32mINFO ?[0;39m  ?[35mo.s.b.a.e.mvc.EndpointHandlerMapping?[0;39m - Mapped "{[/auditevents || /auditevents.json],methods=[GET],produces=[application/vnd.spring-boot.actuator.v1+json || application/json]}" onto public org.springframework.http.ResponseEntity<?> org.springframework.boot.actuate.endpoint.mvc.AuditEventsMvcEndpoint.findByPrincipalAndAfterAndType(java.lang.String,java.util.Date,java.lang.String)
2018-08-12 00:10:25,725 ?[36m[Test worker]?[0;39m ?[32mINFO ?[0;39m  ?[35mo.s.b.a.e.mvc.EndpointHandlerMapping?[0;39m - Mapped "{[/autoconfig || /autoconfig.json],methods=[GET],produces=[application/vnd.spring-boot.actuator.v1+json || application/json]}" onto public java.lang.Object org.springframework.boot.actuate.endpoint.mvc.EndpointMvcAdapter.invoke()
2018-08-12 00:10:25,726 ?[36m[Test worker]?[0;39m ?[32mINFO ?[0;39m  ?[35mo.s.b.a.e.mvc.EndpointHandlerMapping?[0;39m - Mapped "{[/beans || /beans.json],methods=[GET],produces=[application/vnd.spring-boot.actuator.v1+json || application/json]}" onto public java.lang.Object org.springframework.boot.actuate.endpoint.mvc.EndpointMvcAdapter.invoke()
2018-08-12 00:10:25,727 ?[36m[Test worker]?[0;39m ?[32mINFO ?[0;39m  ?[35mo.s.b.a.e.mvc.EndpointHandlerMapping?[0;39m - Mapped "{[/heapdump || /heapdump.json],methods=[GET],produces=[application/octet-stream]}" onto public void org.springframework.boot.actuate.endpoint.mvc.HeapdumpMvcEndpoint.invoke(boolean,javax.servlet.http.HttpServletRequest,javax.servlet.http.HttpServletResponse) throws java.io.IOException,javax.servlet.ServletException
2018-08-12 00:10:25,728 ?[36m[Test worker]?[0;39m ?[32mINFO ?[0;39m  ?[35mo.s.b.a.e.mvc.EndpointHandlerMapping?[0;39m - Mapped "{[/metrics/{name:.*}],methods=[GET],produces=[application/vnd.spring-boot.actuator.v1+json || application/json]}" onto public java.lang.Object org.springframework.boot.actuate.endpoint.mvc.MetricsMvcEndpoint.value(java.lang.String)
2018-08-12 00:10:25,728 ?[36m[Test worker]?[0;39m ?[32mINFO ?[0;39m  ?[35mo.s.b.a.e.mvc.EndpointHandlerMapping?[0;39m - Mapped "{[/metrics || /metrics.json],methods=[GET],produces=[application/vnd.spring-boot.actuator.v1+json || application/json]}" onto public java.lang.Object org.springframework.boot.actuate.endpoint.mvc.EndpointMvcAdapter.invoke()
2018-08-12 00:10:25,729 ?[36m[Test worker]?[0;39m ?[32mINFO ?[0;39m  ?[35mo.s.b.a.e.mvc.EndpointHandlerMapping?[0;39m - Mapped "{[/env/{name:.*}],methods=[GET],produces=[application/vnd.spring-boot.actuator.v1+json || application/json]}" onto public java.lang.Object org.springframework.boot.actuate.endpoint.mvc.EnvironmentMvcEndpoint.value(java.lang.String)
2018-08-12 00:10:25,730 ?[36m[Test worker]?[0;39m ?[32mINFO ?[0;39m  ?[35mo.s.b.a.e.mvc.EndpointHandlerMapping?[0;39m - Mapped "{[/env || /env.json],methods=[GET],produces=[application/vnd.spring-boot.actuator.v1+json || application/json]}" onto public java.lang.Object org.springframework.boot.actuate.endpoint.mvc.EndpointMvcAdapter.invoke()
2018-08-12 00:10:25,975 ?[36m[Test worker]?[0;39m ?[32mINFO ?[0;39m  ?[35mc.b.s.SpringBootTransactionalDemoTest?[0;39m - Started SpringBootTransactionalDemoTest in 4.273 seconds (JVM running for 5.105)
2018-08-12 00:10:26,074 ?[36m[Test worker]?[0;39m ?[32mINFO ?[0;39m  ?[35mc.b.s.dao.UserDaoImpl?[0;39m - Saved in DB. User TestUser(id=1, name=Test2User)
2018-08-12 00:10:26,077 ?[36m[Test worker]?[0;39m ?[32mERROR?[0;39m  ?[35mc.b.s.SpringBootTransactionalDemoTest?[0;39m - Exception thrown. Ex msg null
2018-08-12 00:10:26,092 ?[36m[Test worker]?[0;39m ?[32mINFO ?[0;39m  ?[35mo.h.h.i.QueryTranslatorFactoryInitiator?[0;39m - HHH000397: Using ASTQueryTranslatorFactory
2018-08-12 00:10:26,226 ?[36m[Test worker]?[0;39m ?[32mINFO ?[0;39m  ?[35mc.b.s.SpringBootTransactionalDemoTest?[0;39m - @Trnsactional is not working!!!
2018-08-12 00:10:26,232 ?[36m[Test worker]?[0;39m ?[32mINFO ?[0;39m  ?[35mc.b.s.dao.UserDaoImpl?[0;39m - Saved in DB. User TestUser(id=2, name=Test1User)
2018-08-12 00:10:26,234 ?[36m[Test worker]?[0;39m ?[32mERROR?[0;39m  ?[35mc.b.s.SpringBootTransactionalDemoTest?[0;39m - Exception thrown. Ex msg null
2018-08-12 00:10:26,236 ?[36m[Test worker]?[0;39m ?[32mINFO ?[0;39m  ?[35mc.b.s.SpringBootTransactionalDemoTest?[0;39m - @Trnsactional is working!!!
2018-08-12 00:10:26,239 ?[36m[Test worker]?[0;39m ?[32mINFO ?[0;39m  ?[35mc.b.s.SpringBootTransactionalDemoTest?[0;39m - Spring Boot Context Has Been loaded!!!
2018-08-12 00:10:26,246 ?[36m[Test worker]?[0;39m ?[32mINFO ?[0;39m  ?[35mc.b.s.dao.UserDaoImplNoInterface?[0;39m - Saved in DB. User TestUser(id=3, name=Test4User)
2018-08-12 00:10:26,247 ?[36m[Test worker]?[0;39m ?[32mERROR?[0;39m  ?[35mc.b.s.SpringBootTransactionalDemoTest?[0;39m - Exception thrown. Ex msg null
2018-08-12 00:10:26,248 ?[36m[Test worker]?[0;39m ?[32mINFO ?[0;39m  ?[35mc.b.s.SpringBootTransactionalDemoTest?[0;39m - @Trnsactional is not working!!!
2018-08-12 00:10:26,252 ?[36m[Test worker]?[0;39m ?[32mINFO ?[0;39m  ?[35mc.b.s.dao.UserDaoImplNoInterface?[0;39m - Saved in DB. User TestUser(id=4, name=Test3User)
2018-08-12 00:10:26,252 ?[36m[Test worker]?[0;39m ?[32mERROR?[0;39m  ?[35mc.b.s.SpringBootTransactionalDemoTest?[0;39m - Exception thrown. Ex msg null
2018-08-12 00:10:26,253 ?[36m[Test worker]?[0;39m ?[32mINFO ?[0;39m  ?[35mc.b.s.SpringBootTransactionalDemoTest?[0;39m - @Trnsactional not working!!!
]]></system-out>
  <system-err><![CDATA[]]></system-err>
</testsuite>
